<?xml version="1.0" encoding="UTF-8"?><testsuite errors="1" failures="0" name="Realize a login on anything website" skipped="0" tests="1" time="12.41" timestamp="2022-07-15 04:35:16"><testcase name="Realice evidence step by step"><error message="Keys to send should be a not null CharSequence" type="java.lang.IllegalArgumentException">Keys to send should be a not null CharSequence</error><system-err>Keys
    to send should be a not null CharSequence&#13;
    retoQA.stepdefinitions.stepdefinitions.input_data_from_new_user(stepdefinitions.java:65)&#13;
    ✽.input data from new user(src/test/resources/feature/pasosEjem.feature:10)&#13;
</system-err></testcase></testsuite>