<?xml version="1.0" encoding="UTF-8"?><testsuite errors="1" failures="0" name="Realizar diferentes casos de prueba para un login" skipped="0" tests="1" time="5.91" timestamp="2022-10-06 10:28:40"><testcase name="Realizar un login con credenciales VALIDAS"><error message="no such element: Unable to locate element: {&quot;method&quot;:&quot;css selector&quot;,&quot;selector&quot;:&quot;#user\-name&quot;}&#10;  (Session info: chrome=106.0.5249.103)&#10;For documentation on this error, please visit: https://www.seleniumhq.org/exceptions/no_such_element.html&#10;Build info: version: '3.141.59', revision: 'e82be7d358', time: '2018-11-14T08:17:03'&#10;System info: host: 'DESKTOP-6KOR5N8', ip: '192.168.0.4', os.name: 'Windows 10', os.arch: 'amd64', os.version: '10.0', java.version: '1.8.0_271'&#10;Driver info: org.openqa.selenium.chrome.ChromeDriver&#10;Capabilities {acceptInsecureCerts: false, browserName: chrome, browserVersion: 106.0.5249.103, chrome: {chromedriverVersion: 105.0.5195.52 (412c95e51883..., userDataDir: C:\Users\JUAN\AppData\Local...}, goog:chromeOptions: {debuggerAddress: localhost:49899}, javascriptEnabled: true, networkConnectionEnabled: false, pageLoadStrategy: normal, platform: WINDOWS, platformName: WINDOWS, proxy: Proxy(), setWindowRect: true, strictFileInteractability: false, timeouts: {implicit: 0, pageLoad: 300000, script: 30000}, unhandledPromptBehavior: dismiss and notify, webauthn:extension:credBlob: true, webauthn:extension:largeBlob: true, webauthn:virtualAuthenticators: true}&#10;Session ID: 27c829d0bd2bef48e7628c3f1f13101f&#10;*** Element info: {Using=id, value=user-name}&#10;For documentation on this error, please visit: https://www.seleniumhq.org/exceptions/no_such_element.html&#10;Build info: version: '3.141.59', revision: 'e82be7d358', time: '2018-11-14T08:17:03'&#10;System info: host: 'DESKTOP-6KOR5N8', ip: '192.168.0.4', os.name: 'Windows 10', os.arch: 'amd64', os.version: '10.0', java.version: '1.8.0_271'&#10;Driver info: driver.version: unknown" type="org.openqa.selenium.NoSuchElementException">no such element: Unable to locate element: {"method":"css selector","selector":"#user\-name"}
  (Session info: chrome=106.0.5249.103)
For documentation on this error, please visit: https://www.seleniumhq.org/exceptions/no_such_element.html
Build info: version: '3.141.59', revision: 'e82be7d358', time: '2018-11-14T08:17:03'
System info: host: 'DESKTOP-6KOR5N8', ip: '192.168.0.4', os.name: 'Windows 10', os.arch: 'amd64', os.version: '10.0', java.version: '1.8.0_271'
Driver info: org.openqa.selenium.chrome.ChromeDriver
Capabilities {acceptInsecureCerts: false, browserName: chrome, browserVersion: 106.0.5249.103, chrome: {chromedriverVersion: 105.0.5195.52 (412c95e51883..., userDataDir: C:\Users\JUAN\AppData\Local...}, goog:chromeOptions: {debuggerAddress: localhost:49899}, javascriptEnabled: true, networkConnectionEnabled: false, pageLoadStrategy: normal, platform: WINDOWS, platformName: WINDOWS, proxy: Proxy(), setWindowRect: true, strictFileInteractability: false, timeouts: {implicit: 0, pageLoad: 300000, script: 30000}, unhandledPromptBehavior: dismiss and notify, webauthn:extension:credBlob: true, webauthn:extension:largeBlob: true, webauthn:virtualAuthenticators: true}
Session ID: 27c829d0bd2bef48e7628c3f1f13101f
*** Element info: {Using=id, value=user-name}
For documentation on this error, please visit: https://www.seleniumhq.org/exceptions/no_such_element.html
Build info: version: '3.141.59', revision: 'e82be7d358', time: '2018-11-14T08:17:03'
System info: host: 'DESKTOP-6KOR5N8', ip: '192.168.0.4', os.name: 'Windows 10', os.arch: 'amd64', os.version: '10.0', java.version: '1.8.0_271'
Driver info: driver.version: unknown</error><system-err>no such element: Unable to locate element: {"method":"css
    selector","selector":"#user\-name"}
    (Session info: chrome=106.0.5249.103)
    For documentation on this error, please visit: https://www.seleniumhq.org/exceptions/no_such_element.html
    Build info: version: '3.141.59', revision: 'e82be7d358', time: '2018-11-14T08:17:03'
    System info: host: 'DESKTOP-6KOR5N8', ip: '192.168.0.4', os.name: 'Windows 10', os.arch: 'amd64', os.version:
    '10.0', java.version: '1.8.0_271'
    Driver info: org.openqa.selenium.chrome.ChromeDriver
    Capabilities {acceptInsecureCerts: false, browserName: chrome, browserVersion: 106.0.5249.103, chrome:
    {chromedriverVersion: 105.0.5195.52 (412c95e51883..., userDataDir: C:\Users\JUAN\AppData\Local...},
    goog:chromeOptions: {debuggerAddress: localhost:49899}, javascriptEnabled: true, networkConnectionEnabled: false,
    pageLoadStrategy: normal, platform: WINDOWS, platformName: WINDOWS, proxy: Proxy(), setWindowRect: true,
    strictFileInteractability: false, timeouts: {implicit: 0, pageLoad: 300000, script: 30000}, unhandledPromptBehavior:
    dismiss and notify, webauthn:extension:credBlob: true, webauthn:extension:largeBlob: true,
    webauthn:virtualAuthenticators: true}
    Session ID: 27c829d0bd2bef48e7628c3f1f13101f
    *** Element info: {Using=id, value=user-name}
    For documentation on this error, please visit: https://www.seleniumhq.org/exceptions/no_such_element.html
    Build info: version: '3.141.59', revision: 'e82be7d358', time: '2018-11-14T08:17:03'
    System info: host: 'DESKTOP-6KOR5N8', ip: '192.168.0.4', os.name: 'Windows 10', os.arch: 'amd64', os.version:
    '10.0', java.version: '1.8.0_271'
    Driver info: driver.version: unknown&#13;
    retoQA.stepdefinitions.stepdefinitions.whenOpenTheWebsiteMakeLoginWitnUserAndPassword(stepdefinitions.java:153)&#13;
    ✽.when open the website make login witn user "standard_user" and password
    "secret_sauce"(src/test/resources/feature/RegisteryLogin.feature:8)&#13;
</system-err></testcase></testsuite>